[2024-02-23 15:41:38,388: INFO: main: >>>>>> stage Data Ingestion stage started <<<<<<]
[2024-02-23 15:41:38,390: INFO: common: yaml file: config\config.yaml loaded successfully]
[2024-02-23 15:41:38,400: INFO: common: yaml file: params.yaml loaded successfully]
[2024-02-23 15:41:38,405: INFO: common: yaml file: schema.yaml loaded successfully]
[2024-02-23 15:41:38,405: INFO: common: created directory at: artifacts]
[2024-02-23 15:41:38,405: INFO: common: created directory at: artifacts/data_ingestion]
[2024-02-23 15:41:39,200: ERROR: main: HTTP Error 404: Not Found]
Traceback (most recent call last):
  File "f:\Generative AI course\Projects\Wine-Quality-ML Project\Complete-ML-Project_Honey-Production-Forecasting\main.py", line 9, in <module>
    data_ingestion.main()
  File "f:\generative ai course\projects\wine-quality-ml project\complete-ml-project_honey-production-forecasting\src\Project\pipeline\_01_data_ingestion.py", line 17, in main
    data_ingestion.download_file()
  File "f:\generative ai course\projects\wine-quality-ml project\complete-ml-project_honey-production-forecasting\src\Project\components\data_ingestion.py", line 18, in download_file
    filename, headers = request.urlretrieve(
                        ^^^^^^^^^^^^^^^^^^^^
  File "C:\Users\dell\anaconda3\envs\IPC_kernel\Lib\urllib\request.py", line 241, in urlretrieve
    with contextlib.closing(urlopen(url, data)) as fp:
                            ^^^^^^^^^^^^^^^^^^
  File "C:\Users\dell\anaconda3\envs\IPC_kernel\Lib\urllib\request.py", line 216, in urlopen
    return opener.open(url, data, timeout)
           ^^^^^^^^^^^^^^^^^^^^^^^^^^^^^^^
  File "C:\Users\dell\anaconda3\envs\IPC_kernel\Lib\urllib\request.py", line 525, in open
    response = meth(req, response)
               ^^^^^^^^^^^^^^^^^^^
  File "C:\Users\dell\anaconda3\envs\IPC_kernel\Lib\urllib\request.py", line 634, in http_response
    response = self.parent.error(
               ^^^^^^^^^^^^^^^^^^
  File "C:\Users\dell\anaconda3\envs\IPC_kernel\Lib\urllib\request.py", line 563, in error
    return self._call_chain(*args)
           ^^^^^^^^^^^^^^^^^^^^^^^
  File "C:\Users\dell\anaconda3\envs\IPC_kernel\Lib\urllib\request.py", line 496, in _call_chain
    result = func(*args)
             ^^^^^^^^^^^
  File "C:\Users\dell\anaconda3\envs\IPC_kernel\Lib\urllib\request.py", line 643, in http_error_default
    raise HTTPError(req.full_url, code, msg, hdrs, fp)
urllib.error.HTTPError: HTTP Error 404: Not Found
[2024-02-23 15:43:15,840: INFO: main: >>>>>> stage Data Ingestion stage started <<<<<<]
[2024-02-23 15:43:15,840: INFO: common: yaml file: config\config.yaml loaded successfully]
[2024-02-23 15:43:15,840: INFO: common: yaml file: params.yaml loaded successfully]
[2024-02-23 15:43:15,840: INFO: common: yaml file: schema.yaml loaded successfully]
[2024-02-23 15:43:15,840: INFO: common: created directory at: artifacts]
[2024-02-23 15:43:15,840: INFO: common: created directory at: artifacts/data_ingestion]
[2024-02-23 15:43:17,340: INFO: data_ingestion: artifacts/data_ingestion/data.zip download! with following info: 
Connection: close
Content-Length: 9937
Cache-Control: max-age=300
Content-Security-Policy: default-src 'none'; style-src 'unsafe-inline'; sandbox
Content-Type: application/zip
ETag: "01d477e7a5640075ce82ef629c54ae925c7dc1fc0bdfbc2eca152a193f3138c7"
Strict-Transport-Security: max-age=31536000
X-Content-Type-Options: nosniff
X-Frame-Options: deny
X-XSS-Protection: 1; mode=block
X-GitHub-Request-Id: 2334:2E8671:27ACF12:29495B7:65D8AF05
Accept-Ranges: bytes
Date: Fri, 23 Feb 2024 14:43:17 GMT
Via: 1.1 varnish
X-Served-By: cache-fra-eddf8230109-FRA
X-Cache: MISS
X-Cache-Hits: 0
X-Timer: S1708699398.544717,VS0,VE157
Vary: Authorization,Accept-Encoding,Origin
Access-Control-Allow-Origin: *
Cross-Origin-Resource-Policy: cross-origin
X-Fastly-Request-ID: 0316ba71f9dafe781f66c0b20f16cd82766a6dca
Expires: Fri, 23 Feb 2024 14:48:17 GMT
Source-Age: 0

]
[2024-02-23 15:43:17,378: INFO: main: >>>>>> stage Data Ingestion stage completed <<<<<<

x==========x]
[2024-02-23 16:00:51,016: INFO: utils: NumExpr defaulting to 4 threads.]
[2024-02-23 16:00:51,518: INFO: main: >>>>>> stage Data Ingestion stage started <<<<<<]
[2024-02-23 16:00:51,522: INFO: common: yaml file: config\config.yaml loaded successfully]
[2024-02-23 16:00:51,525: INFO: common: yaml file: params.yaml loaded successfully]
[2024-02-23 16:00:51,527: INFO: common: yaml file: schema.yaml loaded successfully]
[2024-02-23 16:00:51,527: INFO: common: created directory at: artifacts]
[2024-02-23 16:00:51,527: INFO: common: created directory at: artifacts/data_ingestion]
[2024-02-23 16:00:51,531: INFO: data_ingestion: File already exists of size: ~ 10 KB]
[2024-02-23 16:00:51,532: INFO: main: >>>>>> stage Data Ingestion stage completed <<<<<<

x==========x]
[2024-02-23 16:00:51,535: INFO: main: >>>>>> stage Data Validation stage started <<<<<<]
[2024-02-23 16:00:51,537: INFO: common: yaml file: config\config.yaml loaded successfully]
[2024-02-23 16:00:51,537: INFO: common: yaml file: params.yaml loaded successfully]
[2024-02-23 16:00:51,542: INFO: common: yaml file: schema.yaml loaded successfully]
[2024-02-23 16:00:51,543: INFO: common: created directory at: artifacts]
[2024-02-23 16:00:51,544: INFO: common: created directory at: artifacts/data_validation]
[2024-02-23 16:00:51,575: INFO: main: >>>>>> stage Data Validation stage completed <<<<<<

x==========x]
[2024-02-23 16:02:55,783: INFO: utils: NumExpr defaulting to 4 threads.]
[2024-02-23 16:02:56,178: INFO: _02_data_validation: >>>>>> stage Data Validation stage started <<<<<<]
[2024-02-23 16:02:56,181: INFO: common: yaml file: config\config.yaml loaded successfully]
[2024-02-23 16:02:56,183: INFO: common: yaml file: params.yaml loaded successfully]
[2024-02-23 16:02:56,185: INFO: common: yaml file: schema.yaml loaded successfully]
[2024-02-23 16:02:56,186: INFO: common: created directory at: artifacts]
[2024-02-23 16:02:56,186: INFO: common: created directory at: artifacts/data_validation]
[2024-02-23 16:02:56,199: INFO: _02_data_validation: >>>>>> stage Data Validation stage completed <<<<<<

x==========x]
[2024-02-23 16:14:47,690: INFO: utils: NumExpr defaulting to 4 threads.]
[2024-02-23 16:14:47,994: INFO: _03_data_transformation: >>>>>> stage Data Transformation stage started <<<<<<]
[2024-02-23 16:14:48,009: INFO: _03_data_transformation: >>>>>> stage Data Transformation stage completed <<<<<<

x==========x]
[2024-02-23 16:16:54,334: INFO: utils: NumExpr defaulting to 4 threads.]
[2024-02-23 16:16:54,660: INFO: _03_data_transformation: >>>>>> stage Data Transformation stage started <<<<<<]
[2024-02-23 16:16:54,660: INFO: _03_data_transformation: >>>>>> stage Data Transformation stage completed <<<<<<

x==========x]
[2024-02-23 16:24:02,570: INFO: utils: NumExpr defaulting to 4 threads.]
[2024-02-23 16:24:02,879: INFO: _03_data_transformation: >>>>>> stage Data Transformation stage started <<<<<<]
[2024-02-23 16:24:02,879: INFO: _03_data_transformation: >>>>>> stage Data Transformation stage completed <<<<<<

x==========x]
[2024-02-23 16:24:26,439: INFO: utils: NumExpr defaulting to 4 threads.]
[2024-02-23 16:24:26,823: INFO: _03_data_transformation: >>>>>> stage Data Transformation stage started <<<<<<]
[2024-02-23 16:24:26,825: INFO: _03_data_transformation: >>>>>> stage Data Transformation stage completed <<<<<<

x==========x]
[2024-02-23 16:25:16,221: INFO: utils: NumExpr defaulting to 4 threads.]
[2024-02-23 16:25:16,556: INFO: _03_data_transformation: >>>>>> stage Data Transformation stage started <<<<<<]
[2024-02-23 16:25:16,558: INFO: _03_data_transformation: >>>>>> stage Data Transformation stage completed <<<<<<

x==========x]
[2024-02-23 16:25:41,868: INFO: utils: NumExpr defaulting to 4 threads.]
[2024-02-23 16:25:42,194: INFO: _03_data_transformation: >>>>>> stage Data Transformation stage started <<<<<<]
[2024-02-23 16:25:42,196: INFO: _03_data_transformation: >>>>>> stage Data Transformation stage completed <<<<<<

x==========x]
[2024-02-23 16:26:02,229: INFO: utils: NumExpr defaulting to 4 threads.]
[2024-02-23 16:26:02,597: INFO: _03_data_transformation: >>>>>> stage Data Transformation stage started <<<<<<]
[2024-02-23 16:26:02,597: INFO: _03_data_transformation: >>>>>> stage Data Transformation stage completed <<<<<<

x==========x]
[2024-02-23 16:27:53,520: INFO: utils: NumExpr defaulting to 4 threads.]
[2024-02-23 16:27:53,829: INFO: _03_data_transformation: >>>>>> stage Data Transformation stage started <<<<<<]
[2024-02-23 16:27:53,838: INFO: _03_data_transformation: >>>>>> stage Data Transformation stage completed <<<<<<

x==========x]
[2024-02-23 16:29:27,439: INFO: utils: NumExpr defaulting to 4 threads.]
[2024-02-23 16:29:27,753: INFO: _03_data_transformation: >>>>>> stage Data Transformation stage started <<<<<<]
[2024-02-23 16:29:27,753: INFO: _03_data_transformation: >>>>>> stage Data Transformation stage completed <<<<<<

x==========x]
[2024-02-23 16:29:37,123: INFO: utils: NumExpr defaulting to 4 threads.]
[2024-02-23 16:29:37,556: INFO: _03_data_transformation: >>>>>> stage Data Transformation stage started <<<<<<]
[2024-02-23 16:29:37,559: INFO: _03_data_transformation: >>>>>> stage Data Transformation stage completed <<<<<<

x==========x]
[2024-02-23 16:30:14,440: INFO: utils: NumExpr defaulting to 4 threads.]
[2024-02-23 16:30:14,808: INFO: _03_data_transformation: >>>>>> stage Data Transformation stage started <<<<<<]
[2024-02-23 16:30:14,819: INFO: _03_data_transformation: >>>>>> stage Data Transformation stage completed <<<<<<

x==========x]
[2024-02-23 16:33:19,341: INFO: utils: NumExpr defaulting to 4 threads.]
[2024-02-23 16:33:19,714: INFO: _03_data_transformation: >>>>>> stage Data Transformation stage started <<<<<<]
[2024-02-23 16:33:19,715: INFO: _03_data_transformation: >>>>>> stage Data Transformation stage completed <<<<<<

x==========x]
[2024-02-23 16:33:40,707: INFO: utils: NumExpr defaulting to 4 threads.]
[2024-02-23 16:33:41,072: INFO: _03_data_transformation: >>>>>> stage Data Transformation stage started <<<<<<]
[2024-02-23 16:33:41,072: INFO: _03_data_transformation: >>>>>> stage Data Transformation stage completed <<<<<<

x==========x]
[2024-02-23 16:34:43,656: INFO: utils: NumExpr defaulting to 4 threads.]
[2024-02-23 16:34:44,024: INFO: _03_data_transformation: >>>>>> stage Data Transformation stage started <<<<<<]
[2024-02-23 16:34:44,024: INFO: _03_data_transformation: >>>>>> stage Data Transformation stage completed <<<<<<

x==========x]
[2024-02-23 16:34:56,192: INFO: utils: NumExpr defaulting to 4 threads.]
[2024-02-23 16:34:56,530: INFO: _03_data_transformation: >>>>>> stage Data Transformation stage started <<<<<<]
[2024-02-23 16:34:56,530: INFO: _03_data_transformation: >>>>>> stage Data Transformation stage completed <<<<<<

x==========x]
[2024-02-23 16:35:47,906: INFO: utils: NumExpr defaulting to 4 threads.]
[2024-02-23 16:35:49,147: INFO: main: >>>>>> stage Data Transformation stage started <<<<<<]
[2024-02-23 16:35:49,148: INFO: main: >>>>>> stage Data Transformation stage completed <<<<<<

x==========x]
[2024-02-23 16:38:17,489: INFO: utils: NumExpr defaulting to 4 threads.]
[2024-02-23 16:38:17,832: INFO: _03_data_transformation: >>>>>> stage Data Transformation stage started <<<<<<]
[2024-02-23 16:38:17,832: INFO: _03_data_transformation: >>>>>> stage Data Transformation stage completed <<<<<<

x==========x]
[2024-02-23 16:40:27,908: INFO: utils: NumExpr defaulting to 4 threads.]
[2024-02-23 16:40:28,303: INFO: _03_data_transformation: >>>>>> stage Data Transformation stage started <<<<<<]
[2024-02-23 16:40:28,404: INFO: common: yaml file: config\config.yaml loaded successfully]
[2024-02-23 16:40:28,407: INFO: common: yaml file: params.yaml loaded successfully]
[2024-02-23 16:40:28,409: INFO: common: yaml file: schema.yaml loaded successfully]
[2024-02-23 16:40:28,410: INFO: common: created directory at: artifacts]
[2024-02-23 16:40:28,411: INFO: common: created directory at: artifacts/data_transformation]
[2024-02-23 16:40:28,449: INFO: data_transformation: Splited data into training and test sets]
[2024-02-23 16:40:28,449: INFO: data_transformation: (469, 5)]
[2024-02-23 16:40:28,449: INFO: data_transformation: (157, 5)]
[2024-02-23 16:40:28,457: INFO: _03_data_transformation: >>>>>> stage Data Transformation stage completed <<<<<<

x==========x]
[2024-02-23 16:52:29,179: INFO: utils: NumExpr defaulting to 4 threads.]
[2024-02-23 16:52:30,453: INFO: _04_model_trainer: >>>>>> stage Model Trainer stage started <<<<<<]
[2024-02-23 16:52:30,456: INFO: common: yaml file: config\config.yaml loaded successfully]
[2024-02-23 16:52:30,456: INFO: common: yaml file: params.yaml loaded successfully]
[2024-02-23 16:52:30,456: INFO: common: yaml file: schema.yaml loaded successfully]
[2024-02-23 16:52:30,456: INFO: common: created directory at: artifacts]
[2024-02-23 16:52:30,462: ERROR: _04_model_trainer: "'ConfigBox' object has no attribute 'elasticnet'"]
Traceback (most recent call last):
  File "C:\Users\dell\anaconda3\envs\IPC_kernel\Lib\site-packages\box\box.py", line 503, in __getitem__
    return super().__getitem__(item)
           ^^^^^^^^^^^^^^^^^^^^^^^^^
KeyError: 'ElasticNet'

The above exception was the direct cause of the following exception:

Traceback (most recent call last):
  File "C:\Users\dell\anaconda3\envs\IPC_kernel\Lib\site-packages\box\box.py", line 536, in __getattr__
    value = self.__getitem__(item, _ignore_default=True)
            ^^^^^^^^^^^^^^^^^^^^^^^^^^^^^^^^^^^^^^^^^^^^
  File "C:\Users\dell\anaconda3\envs\IPC_kernel\Lib\site-packages\box\box.py", line 524, in __getitem__
    raise BoxKeyError(str(err)) from _exception_cause(err)
box.exceptions.BoxKeyError: "'ElasticNet'"

During handling of the above exception, another exception occurred:

Traceback (most recent call last):
  File "C:\Users\dell\anaconda3\envs\IPC_kernel\Lib\site-packages\box\box.py", line 538, in __getattr__
    value = object.__getattribute__(self, item)
            ^^^^^^^^^^^^^^^^^^^^^^^^^^^^^^^^^^^
AttributeError: 'ConfigBox' object has no attribute 'ElasticNet'

The above exception was the direct cause of the following exception:

Traceback (most recent call last):
  File "C:\Users\dell\anaconda3\envs\IPC_kernel\Lib\site-packages\box\config_box.py", line 28, in __getattr__
    return super().__getattr__(item)
           ^^^^^^^^^^^^^^^^^^^^^^^^^
  File "C:\Users\dell\anaconda3\envs\IPC_kernel\Lib\site-packages\box\box.py", line 552, in __getattr__
    raise BoxKeyError(str(err)) from _exception_cause(err)
box.exceptions.BoxKeyError: "'ConfigBox' object has no attribute 'ElasticNet'"

During handling of the above exception, another exception occurred:

Traceback (most recent call last):
  File "C:\Users\dell\anaconda3\envs\IPC_kernel\Lib\site-packages\box\box.py", line 503, in __getitem__
    return super().__getitem__(item)
           ^^^^^^^^^^^^^^^^^^^^^^^^^
KeyError: 'elasticnet'

The above exception was the direct cause of the following exception:

Traceback (most recent call last):
  File "C:\Users\dell\anaconda3\envs\IPC_kernel\Lib\site-packages\box\box.py", line 536, in __getattr__
    value = self.__getitem__(item, _ignore_default=True)
            ^^^^^^^^^^^^^^^^^^^^^^^^^^^^^^^^^^^^^^^^^^^^
  File "C:\Users\dell\anaconda3\envs\IPC_kernel\Lib\site-packages\box\box.py", line 524, in __getitem__
    raise BoxKeyError(str(err)) from _exception_cause(err)
box.exceptions.BoxKeyError: "'elasticnet'"

During handling of the above exception, another exception occurred:

Traceback (most recent call last):
  File "C:\Users\dell\anaconda3\envs\IPC_kernel\Lib\site-packages\box\box.py", line 538, in __getattr__
    value = object.__getattribute__(self, item)
            ^^^^^^^^^^^^^^^^^^^^^^^^^^^^^^^^^^^
AttributeError: 'ConfigBox' object has no attribute 'elasticnet'

The above exception was the direct cause of the following exception:

Traceback (most recent call last):
  File "f:\Generative AI course\Projects\Wine-Quality-ML Project\Complete-ML-Project_Honey-Production-Forecasting\src\Project\pipeline\_04_model_trainer.py", line 25, in <module>
    obj.main()
  File "f:\Generative AI course\Projects\Wine-Quality-ML Project\Complete-ML-Project_Honey-Production-Forecasting\src\Project\pipeline\_04_model_trainer.py", line 15, in main
    model_trainer_config = config.get_model_trainer_config()
                           ^^^^^^^^^^^^^^^^^^^^^^^^^^^^^^^^^
  File "f:\generative ai course\projects\wine-quality-ml project\complete-ml-project_honey-production-forecasting\src\Project\config\configuration.py", line 72, in get_model_trainer_config
    params = self.params.ElasticNet
             ^^^^^^^^^^^^^^^^^^^^^^
  File "C:\Users\dell\anaconda3\envs\IPC_kernel\Lib\site-packages\box\config_box.py", line 30, in __getattr__
    return super().__getattr__(item.lower())
           ^^^^^^^^^^^^^^^^^^^^^^^^^^^^^^^^^
  File "C:\Users\dell\anaconda3\envs\IPC_kernel\Lib\site-packages\box\box.py", line 552, in __getattr__
    raise BoxKeyError(str(err)) from _exception_cause(err)
box.exceptions.BoxKeyError: "'ConfigBox' object has no attribute 'elasticnet'"
[2024-02-23 16:53:23,080: INFO: utils: NumExpr defaulting to 4 threads.]
[2024-02-23 16:53:24,284: INFO: _04_model_trainer: >>>>>> stage Model Trainer stage started <<<<<<]
[2024-02-23 16:53:24,284: INFO: common: yaml file: config\config.yaml loaded successfully]
[2024-02-23 16:53:24,284: INFO: common: yaml file: params.yaml loaded successfully]
[2024-02-23 16:53:24,284: INFO: common: yaml file: schema.yaml loaded successfully]
[2024-02-23 16:53:24,284: INFO: common: created directory at: artifacts]
[2024-02-23 16:53:24,293: INFO: common: created directory at: artifacts/model_trainer]
[2024-02-23 16:53:24,322: INFO: _04_model_trainer: >>>>>> stage Model Trainer stage completed <<<<<<

x==========x]
[2024-02-23 16:58:51,906: INFO: utils: NumExpr defaulting to 4 threads.]
[2024-02-23 16:58:53,121: INFO: _05_model_evaluation: >>>>>> stage Model evaluation stage started <<<<<<]
[2024-02-23 16:58:53,121: INFO: common: yaml file: config\config.yaml loaded successfully]
[2024-02-23 16:58:53,121: INFO: common: yaml file: params.yaml loaded successfully]
[2024-02-23 16:58:53,121: INFO: common: yaml file: schema.yaml loaded successfully]
[2024-02-23 16:58:53,136: INFO: common: created directory at: artifacts]
[2024-02-23 16:58:53,137: INFO: common: created directory at: artifacts/model_evaluation]
[2024-02-23 16:58:53,244: INFO: common: json file saved at: artifacts\model_evaluation\metrics.json]
[2024-02-23 16:58:53,245: INFO: _05_model_evaluation: >>>>>> stage Model evaluation stage completed <<<<<<

x==========x]
[2024-02-23 17:33:57,157: INFO: _internal: [31m[1mWARNING: This is a development server. Do not use it in a production deployment. Use a production WSGI server instead.[0m
 * Running on all addresses (0.0.0.0)
 * Running on http://127.0.0.1:8080
 * Running on http://192.168.0.171:8080]
[2024-02-23 17:33:57,157: INFO: _internal: [33mPress CTRL+C to quit[0m]
[2024-02-23 17:34:03,662: INFO: _internal: 192.168.0.171 - - [23/Feb/2024 17:34:03] "GET / HTTP/1.1" 200 -]
[2024-02-23 17:34:03,744: INFO: _internal: 192.168.0.171 - - [23/Feb/2024 17:34:03] "[33mGET /static/js/scripts.js HTTP/1.1[0m" 404 -]
[2024-02-23 17:34:03,876: INFO: _internal: 192.168.0.171 - - [23/Feb/2024 17:34:03] "[33mGET /static/css/styles.css HTTP/1.1[0m" 404 -]
[2024-02-23 17:34:03,916: INFO: _internal: 192.168.0.171 - - [23/Feb/2024 17:34:03] "[33mGET /static/css2/style.css HTTP/1.1[0m" 404 -]
[2024-02-23 17:34:03,961: INFO: _internal: 192.168.0.171 - - [23/Feb/2024 17:34:03] "[33mGET /static/css2/nunito-font.css HTTP/1.1[0m" 404 -]
[2024-02-23 17:34:04,036: INFO: _internal: 192.168.0.171 - - [23/Feb/2024 17:34:04] "[33mGET /static/assets/img/wine.jpg HTTP/1.1[0m" 404 -]
[2024-02-23 17:34:04,077: INFO: _internal: 192.168.0.171 - - [23/Feb/2024 17:34:04] "[33mGET /static/assets/img/form-v9.jpg HTTP/1.1[0m" 404 -]
[2024-02-23 17:34:04,504: INFO: _internal: 192.168.0.171 - - [23/Feb/2024 17:34:04] "[33mGET /static/assets/favicon.ico HTTP/1.1[0m" 404 -]
[2024-02-23 17:34:41,305: INFO: _internal: [31m[1mWARNING: This is a development server. Do not use it in a production deployment. Use a production WSGI server instead.[0m
 * Running on all addresses (0.0.0.0)
 * Running on http://127.0.0.1:8080
 * Running on http://192.168.0.171:8080]
[2024-02-23 17:34:41,306: INFO: _internal: [33mPress CTRL+C to quit[0m]
[2024-02-23 17:34:45,997: INFO: _internal: 192.168.0.171 - - [23/Feb/2024 17:34:45] "GET / HTTP/1.1" 200 -]
[2024-02-23 17:34:46,389: INFO: _internal: 192.168.0.171 - - [23/Feb/2024 17:34:46] "GET /static/css2/nunito-font.css HTTP/1.1" 200 -]
[2024-02-23 17:34:46,430: INFO: _internal: 192.168.0.171 - - [23/Feb/2024 17:34:46] "GET /static/css2/style.css HTTP/1.1" 200 -]
[2024-02-23 17:34:46,447: INFO: _internal: 192.168.0.171 - - [23/Feb/2024 17:34:46] "GET /static/js/scripts.js HTTP/1.1" 200 -]
[2024-02-23 17:34:46,473: INFO: _internal: 192.168.0.171 - - [23/Feb/2024 17:34:46] "GET /static/css/styles.css HTTP/1.1" 200 -]
[2024-02-23 17:34:46,513: INFO: _internal: 192.168.0.171 - - [23/Feb/2024 17:34:46] "[33mGET /static/assets/img/wine.jpg HTTP/1.1[0m" 404 -]
[2024-02-23 17:34:46,555: INFO: _internal: 192.168.0.171 - - [23/Feb/2024 17:34:46] "GET /static/assets/img/form-v9.jpg HTTP/1.1" 200 -]
[2024-02-23 17:34:46,624: INFO: _internal: 192.168.0.171 - - [23/Feb/2024 17:34:46] "[33mGET /static/fonts/Nunito/Nunito-Bold.ttf HTTP/1.1[0m" 404 -]
[2024-02-23 17:35:40,574: INFO: _internal: 192.168.0.171 - - [23/Feb/2024 17:35:40] "POST /predict HTTP/1.1" 200 -]
[2024-02-23 17:48:20,549: INFO: utils: NumExpr defaulting to 4 threads.]
[2024-02-23 17:48:21,861: INFO: _04_model_trainer: >>>>>> stage Model Trainer stage started <<<<<<]
[2024-02-23 17:48:21,867: INFO: common: yaml file: config\config.yaml loaded successfully]
[2024-02-23 17:48:21,867: INFO: common: yaml file: params.yaml loaded successfully]
[2024-02-23 17:48:21,867: INFO: common: yaml file: schema.yaml loaded successfully]
[2024-02-23 17:48:21,867: INFO: common: created directory at: artifacts]
[2024-02-23 17:48:21,867: INFO: common: created directory at: artifacts/model_trainer]
[2024-02-23 17:48:21,994: INFO: _04_model_trainer: >>>>>> stage Model Trainer stage completed <<<<<<

x==========x]
[2024-02-23 17:52:35,594: INFO: _internal: [31m[1mWARNING: This is a development server. Do not use it in a production deployment. Use a production WSGI server instead.[0m
 * Running on all addresses (0.0.0.0)
 * Running on http://127.0.0.1:8080
 * Running on http://192.168.0.171:8080]
[2024-02-23 17:52:35,594: INFO: _internal: [33mPress CTRL+C to quit[0m]
[2024-02-23 17:52:38,509: INFO: _internal: 192.168.0.171 - - [23/Feb/2024 17:52:38] "GET / HTTP/1.1" 200 -]
[2024-02-23 17:52:38,897: INFO: _internal: 192.168.0.171 - - [23/Feb/2024 17:52:38] "[36mGET /static/css2/nunito-font.css HTTP/1.1[0m" 304 -]
[2024-02-23 17:52:38,912: INFO: _internal: 192.168.0.171 - - [23/Feb/2024 17:52:38] "[36mGET /static/js/scripts.js HTTP/1.1[0m" 304 -]
[2024-02-23 17:52:38,917: INFO: _internal: 192.168.0.171 - - [23/Feb/2024 17:52:38] "[36mGET /static/css/styles.css HTTP/1.1[0m" 304 -]
[2024-02-23 17:52:38,919: INFO: _internal: 192.168.0.171 - - [23/Feb/2024 17:52:38] "[36mGET /static/css2/style.css HTTP/1.1[0m" 304 -]
[2024-02-23 17:52:38,955: INFO: _internal: 192.168.0.171 - - [23/Feb/2024 17:52:38] "[33mGET /static/assets/img/wine.jpg HTTP/1.1[0m" 404 -]
[2024-02-23 17:52:39,010: INFO: _internal: 192.168.0.171 - - [23/Feb/2024 17:52:39] "[36mGET /static/assets/img/form-v9.jpg HTTP/1.1[0m" 304 -]
[2024-02-23 17:52:39,055: INFO: _internal: 192.168.0.171 - - [23/Feb/2024 17:52:39] "[33mGET /static/fonts/Nunito/Nunito-Bold.ttf HTTP/1.1[0m" 404 -]
[2024-02-23 17:52:45,291: INFO: _internal: 192.168.0.171 - - [23/Feb/2024 17:52:45] "POST /predict HTTP/1.1" 200 -]
[2024-02-23 17:58:22,930: INFO: _internal: [31m[1mWARNING: This is a development server. Do not use it in a production deployment. Use a production WSGI server instead.[0m
 * Running on all addresses (0.0.0.0)
 * Running on http://127.0.0.1:8080
 * Running on http://192.168.0.171:8080]
[2024-02-23 17:58:22,931: INFO: _internal: [33mPress CTRL+C to quit[0m]
[2024-02-23 17:58:26,911: INFO: _internal: 192.168.0.171 - - [23/Feb/2024 17:58:26] "GET / HTTP/1.1" 200 -]
[2024-02-23 17:58:27,222: INFO: _internal: 192.168.0.171 - - [23/Feb/2024 17:58:27] "[36mGET /static/css/styles.css HTTP/1.1[0m" 304 -]
[2024-02-23 17:58:27,297: INFO: _internal: 192.168.0.171 - - [23/Feb/2024 17:58:27] "[33mGET /static/assets/img/wine.jpg HTTP/1.1[0m" 404 -]
[2024-02-23 17:58:27,304: INFO: _internal: 192.168.0.171 - - [23/Feb/2024 17:58:27] "[36mGET /static/css2/nunito-font.css HTTP/1.1[0m" 304 -]
[2024-02-23 17:58:27,326: INFO: _internal: 192.168.0.171 - - [23/Feb/2024 17:58:27] "[36mGET /static/css2/style.css HTTP/1.1[0m" 304 -]
[2024-02-23 17:58:27,332: INFO: _internal: 192.168.0.171 - - [23/Feb/2024 17:58:27] "[36mGET /static/js/scripts.js HTTP/1.1[0m" 304 -]
[2024-02-23 17:58:27,356: INFO: _internal: 192.168.0.171 - - [23/Feb/2024 17:58:27] "[36mGET /static/assets/img/form-v9.jpg HTTP/1.1[0m" 304 -]
[2024-02-23 17:58:27,377: INFO: _internal: 192.168.0.171 - - [23/Feb/2024 17:58:27] "[33mGET /static/fonts/Nunito/Nunito-Bold.ttf HTTP/1.1[0m" 404 -]
[2024-02-23 17:58:34,011: INFO: _internal: 192.168.0.171 - - [23/Feb/2024 17:58:34] "POST /predict HTTP/1.1" 200 -]
[2024-02-23 17:59:42,542: INFO: _internal: [31m[1mWARNING: This is a development server. Do not use it in a production deployment. Use a production WSGI server instead.[0m
 * Running on all addresses (0.0.0.0)
 * Running on http://127.0.0.1:8080
 * Running on http://192.168.0.171:8080]
[2024-02-23 17:59:42,542: INFO: _internal: [33mPress CTRL+C to quit[0m]
[2024-02-23 18:00:12,946: INFO: _internal: 192.168.0.171 - - [23/Feb/2024 18:00:12] "GET / HTTP/1.1" 200 -]
[2024-02-23 18:00:13,295: INFO: _internal: 192.168.0.171 - - [23/Feb/2024 18:00:13] "[36mGET /static/css2/nunito-font.css HTTP/1.1[0m" 304 -]
[2024-02-23 18:00:13,349: INFO: _internal: 192.168.0.171 - - [23/Feb/2024 18:00:13] "[36mGET /static/css/styles.css HTTP/1.1[0m" 304 -]
[2024-02-23 18:00:13,367: INFO: _internal: 192.168.0.171 - - [23/Feb/2024 18:00:13] "[36mGET /static/js/scripts.js HTTP/1.1[0m" 304 -]
[2024-02-23 18:00:13,371: INFO: _internal: 192.168.0.171 - - [23/Feb/2024 18:00:13] "[36mGET /static/css2/style.css HTTP/1.1[0m" 304 -]
[2024-02-23 18:00:13,386: INFO: _internal: 192.168.0.171 - - [23/Feb/2024 18:00:13] "[33mGET /static/assets/img/wine.jpg HTTP/1.1[0m" 404 -]
[2024-02-23 18:00:13,436: INFO: _internal: 192.168.0.171 - - [23/Feb/2024 18:00:13] "[36mGET /static/assets/img/form-v9.jpg HTTP/1.1[0m" 304 -]
[2024-02-23 18:00:13,496: INFO: _internal: 192.168.0.171 - - [23/Feb/2024 18:00:13] "[33mGET /static/fonts/Nunito/Nunito-Bold.ttf HTTP/1.1[0m" 404 -]
[2024-02-23 18:00:19,182: INFO: _internal: 192.168.0.171 - - [23/Feb/2024 18:00:19] "POST /predict HTTP/1.1" 200 -]
[2024-02-23 18:02:17,992: INFO: _internal: [31m[1mWARNING: This is a development server. Do not use it in a production deployment. Use a production WSGI server instead.[0m
 * Running on all addresses (0.0.0.0)
 * Running on http://127.0.0.1:8080
 * Running on http://192.168.0.171:8080]
[2024-02-23 18:02:17,993: INFO: _internal: [33mPress CTRL+C to quit[0m]
[2024-02-23 18:02:24,513: INFO: _internal: 192.168.0.171 - - [23/Feb/2024 18:02:24] "GET / HTTP/1.1" 200 -]
[2024-02-23 18:02:24,776: INFO: _internal: 192.168.0.171 - - [23/Feb/2024 18:02:24] "[36mGET /static/css/styles.css HTTP/1.1[0m" 304 -]
[2024-02-23 18:02:24,776: INFO: _internal: 192.168.0.171 - - [23/Feb/2024 18:02:24] "[36mGET /static/css2/style.css HTTP/1.1[0m" 304 -]
[2024-02-23 18:02:24,776: INFO: _internal: 192.168.0.171 - - [23/Feb/2024 18:02:24] "[36mGET /static/js/scripts.js HTTP/1.1[0m" 304 -]
[2024-02-23 18:02:24,799: INFO: _internal: 192.168.0.171 - - [23/Feb/2024 18:02:24] "[36mGET /static/css2/nunito-font.css HTTP/1.1[0m" 304 -]
[2024-02-23 18:02:24,800: INFO: _internal: 192.168.0.171 - - [23/Feb/2024 18:02:24] "[33mGET /static/assets/img/wine.jpg HTTP/1.1[0m" 404 -]
[2024-02-23 18:02:24,830: INFO: _internal: 192.168.0.171 - - [23/Feb/2024 18:02:24] "[36mGET /static/assets/img/form-v9.jpg HTTP/1.1[0m" 304 -]
[2024-02-23 18:02:24,842: INFO: _internal: 192.168.0.171 - - [23/Feb/2024 18:02:24] "[33mGET /static/fonts/Nunito/Nunito-Bold.ttf HTTP/1.1[0m" 404 -]
[2024-02-23 18:02:27,189: INFO: _internal: 192.168.0.171 - - [23/Feb/2024 18:02:27] "POST /predict HTTP/1.1" 200 -]
[2024-02-23 18:02:57,092: INFO: _internal: [31m[1mWARNING: This is a development server. Do not use it in a production deployment. Use a production WSGI server instead.[0m
 * Running on all addresses (0.0.0.0)
 * Running on http://127.0.0.1:8080
 * Running on http://192.168.0.171:8080]
[2024-02-23 18:02:57,093: INFO: _internal: [33mPress CTRL+C to quit[0m]
[2024-02-23 18:03:15,222: INFO: _internal: 192.168.0.171 - - [23/Feb/2024 18:03:15] "GET / HTTP/1.1" 200 -]
[2024-02-23 18:03:15,442: INFO: _internal: 192.168.0.171 - - [23/Feb/2024 18:03:15] "[36mGET /static/css/styles.css HTTP/1.1[0m" 304 -]
[2024-02-23 18:03:15,459: INFO: _internal: 192.168.0.171 - - [23/Feb/2024 18:03:15] "[36mGET /static/css2/style.css HTTP/1.1[0m" 304 -]
[2024-02-23 18:03:15,462: INFO: _internal: 192.168.0.171 - - [23/Feb/2024 18:03:15] "[36mGET /static/css2/nunito-font.css HTTP/1.1[0m" 304 -]
[2024-02-23 18:03:15,465: INFO: _internal: 192.168.0.171 - - [23/Feb/2024 18:03:15] "[36mGET /static/js/scripts.js HTTP/1.1[0m" 304 -]
[2024-02-23 18:03:15,479: INFO: _internal: 192.168.0.171 - - [23/Feb/2024 18:03:15] "[33mGET /static/assets/img/wine.jpg HTTP/1.1[0m" 404 -]
[2024-02-23 18:03:15,510: INFO: _internal: 192.168.0.171 - - [23/Feb/2024 18:03:15] "[36mGET /static/assets/img/form-v9.jpg HTTP/1.1[0m" 304 -]
[2024-02-23 18:03:15,527: INFO: _internal: 192.168.0.171 - - [23/Feb/2024 18:03:15] "[33mGET /static/fonts/Nunito/Nunito-Bold.ttf HTTP/1.1[0m" 404 -]
[2024-02-23 18:03:46,185: INFO: _internal: 192.168.0.171 - - [23/Feb/2024 18:03:46] "POST /predict HTTP/1.1" 200 -]
[2024-02-23 18:10:57,746: INFO: _internal: [31m[1mWARNING: This is a development server. Do not use it in a production deployment. Use a production WSGI server instead.[0m
 * Running on all addresses (0.0.0.0)
 * Running on http://127.0.0.1:8080
 * Running on http://192.168.0.171:8080]
[2024-02-23 18:10:57,746: INFO: _internal: [33mPress CTRL+C to quit[0m]
[2024-02-23 18:11:06,328: INFO: _internal: 192.168.0.171 - - [23/Feb/2024 18:11:06] "GET / HTTP/1.1" 200 -]
[2024-02-23 18:15:04,360: INFO: _internal: [31m[1mWARNING: This is a development server. Do not use it in a production deployment. Use a production WSGI server instead.[0m
 * Running on all addresses (0.0.0.0)
 * Running on http://127.0.0.1:8080
 * Running on http://192.168.0.171:8080]
[2024-02-23 18:15:04,361: INFO: _internal: [33mPress CTRL+C to quit[0m]
[2024-02-23 18:15:09,153: INFO: _internal: 192.168.0.171 - - [23/Feb/2024 18:15:09] "GET / HTTP/1.1" 200 -]
[2024-02-23 18:17:59,650: INFO: _internal: 192.168.0.171 - - [23/Feb/2024 18:17:59] "GET / HTTP/1.1" 200 -]
